<?xml version="1.0" encoding="UTF-8"?>
<!-- Generated by org.testng.reporters.JUnitReportReporter -->
<testsuite hostname="KM98" failures="0" tests="1" name="testCases.TC002_LoginTest" time="1.416" errors="0" timestamp="2024-10-09T13:14:25 IST" skipped="0">
  <testcase classname="testCases.TC002_LoginTest" name="verify_login" time="1.416"/>
</testsuite> <!-- testCases.TC002_LoginTest -->
