<?xml version="1.0" encoding="UTF-8"?>
<!-- Generated by org.testng.reporters.JUnitReportReporter -->
<testsuite hostname="KM98" failures="0" tests="1" name="testCases.TC_005_AddToCartPageTest" time="1.774" errors="0" timestamp="2024-10-09T13:14:25 IST" skipped="0">
  <testcase classname="testCases.TC_005_AddToCartPageTest" name="verify_addToCart" time="1.774"/>
</testsuite> <!-- testCases.TC_005_AddToCartPageTest -->
