<?xml version="1.0" encoding="UTF-8"?>
<!-- Generated by org.testng.reporters.JUnitReportReporter -->
<testsuite hostname="KM98" failures="0" tests="1" name="testCases.TC001_AccountRegistrationTest" time="2.010" errors="0" timestamp="2024-10-09T13:14:25 IST" skipped="0">
  <testcase classname="testCases.TC001_AccountRegistrationTest" name="verify_account_registration" time="2.010"/>
</testsuite> <!-- testCases.TC001_AccountRegistrationTest -->
