<?xml version="1.0" encoding="UTF-8"?>
<!-- Generated by org.testng.reporters.JUnitReportReporter -->
<testsuite hostname="KM98" failures="0" tests="1" name="testCases.TC002_LoginTest" time="2.048" errors="0" timestamp="2024-10-09T14:03:00 IST" skipped="0">
  <testcase classname="testCases.TC002_LoginTest" name="verify_login" time="2.048"/>
</testsuite> <!-- testCases.TC002_LoginTest -->
